[debug] [2020-08-25T23:12:39.537Z] ----------------------------------------------------------------------
[debug] [2020-08-25T23:12:39.540Z] Command:       C:\Program Files\nodejs\node.exe C:\Users\Gabriel\AppData\Roaming\npm\node_modules\firebase-tools\lib\bin\firebase.js serve
[debug] [2020-08-25T23:12:39.540Z] CLI Version:   8.5.0
[debug] [2020-08-25T23:12:39.540Z] Platform:      win32
[debug] [2020-08-25T23:12:39.541Z] Node Version:  v12.17.0
[debug] [2020-08-25T23:12:39.542Z] Time:          Tue Aug 25 2020 20:12:39 GMT-0300 (GMT-03:00)
[debug] [2020-08-25T23:12:39.542Z] ----------------------------------------------------------------------
[debug] [2020-08-25T23:12:39.542Z] 
[debug] [2020-08-25T23:12:39.553Z] > command requires scopes: ["email","openid","https://www.googleapis.com/auth/cloudplatformprojects.readonly","https://www.googleapis.com/auth/firebase","https://www.googleapis.com/auth/cloud-platform"]
[debug] [2020-08-25T23:12:39.554Z] > authorizing via signed-in user
[debug] [2020-08-25T23:12:39.554Z] [iam] checking project barber-midia for permissions ["firebase.projects.get"]
[debug] [2020-08-25T23:12:39.558Z] >>> HTTP REQUEST POST https://cloudresourcemanager.googleapis.com/v1/projects/barber-midia:testIamPermissions  
 {"permissions":["firebase.projects.get"]}
[debug] [2020-08-25T23:12:40.656Z] <<< HTTP RESPONSE 200 {"content-type":"application/json; charset=UTF-8","vary":"X-Origin, Referer, Origin,Accept-Encoding","date":"Tue, 25 Aug 2020 23:08:06 GMT","server":"ESF","cache-control":"private","x-xss-protection":"0","x-frame-options":"SAMEORIGIN","x-content-type-options":"nosniff","server-timing":"gfet4t7; dur=741","alt-svc":"h3-29=\":443\"; ma=2592000,h3-27=\":443\"; ma=2592000,h3-T050=\":443\"; ma=2592000,h3-Q050=\":443\"; ma=2592000,h3-Q046=\":443\"; ma=2592000,h3-Q043=\":443\"; ma=2592000,quic=\":443\"; ma=2592000; v=\"46,43\"","accept-ranges":"none","transfer-encoding":"chunked"}
[debug] [2020-08-25T23:12:40.659Z] >>> HTTP REQUEST GET https://firebase.googleapis.com/v1beta1/projects/barber-midia  
 
[debug] [2020-08-25T23:12:41.155Z] <<< HTTP RESPONSE 200 {"content-type":"application/json; charset=UTF-8","vary":"X-Origin, Referer, Origin,Accept-Encoding","date":"Tue, 25 Aug 2020 23:08:07 GMT","server":"ESF","cache-control":"private","x-xss-protection":"0","x-frame-options":"SAMEORIGIN","x-content-type-options":"nosniff","alt-svc":"h3-29=\":443\"; ma=2592000,h3-27=\":443\"; ma=2592000,h3-T050=\":443\"; ma=2592000,h3-Q050=\":443\"; ma=2592000,h3-Q046=\":443\"; ma=2592000,h3-Q043=\":443\"; ma=2592000,quic=\":443\"; ma=2592000; v=\"46,43\"","accept-ranges":"none","transfer-encoding":"chunked"}
[info] 
[info] === Serving from 'C:\Users\Gabriel\Desktop\programação\projects\Barber-Midia\backend'...
[info] 
[warn] !  Your requested "node" version "10" doesn't match your global version "12" {"metadata":{"emulator":{"name":"functions"},"message":"Your requested \"node\" version \"10\" doesn't match your global version \"12\""}}
[info] i  functions: Watching "C:\Users\Gabriel\Desktop\programação\projects\Barber-Midia\backend\functions" for Cloud Functions... {"metadata":{"emulator":{"name":"functions"},"message":"Watching \"C:\\Users\\Gabriel\\Desktop\\programação\\projects\\Barber-Midia\\backend\\functions\" for Cloud Functions..."}}
[debug] [2020-08-25T23:12:43.190Z] [worker-pool] addWorker(~diagnostic~) {"metadata":{"emulator":{"name":"functions"},"message":"[worker-pool] addWorker(~diagnostic~)"}}
[debug] [2020-08-25T23:12:43.191Z] [worker-pool] Adding worker with key ~diagnostic~, total=1 {"metadata":{"emulator":{"name":"functions"},"message":"[worker-pool] Adding worker with key ~diagnostic~, total=1"}}
[debug] [2020-08-25T23:12:43.191Z] [worker-pool] submitWork(triggerId=) {"metadata":{"emulator":{"name":"functions"},"message":"[worker-pool] submitWork(triggerId=)"}}
[debug] [2020-08-25T23:12:43.191Z] [worker-~diagnostic~-25cb6e6e-19fa-4904-a649-0071c0071df5]: Assigning socketPath: \\?\pipe\C:\Users\Gabriel\Desktop\programação\projects\Barber-Midia\backend\functions\3668 {"metadata":{"emulator":{"name":"functions"},"message":"[worker-~diagnostic~-25cb6e6e-19fa-4904-a649-0071c0071df5]: Assigning socketPath: \\\\?\\pipe\\C:\\Users\\Gabriel\\Desktop\\programação\\projects\\Barber-Midia\\backend\\functions\\3668"}}
[debug] [2020-08-25T23:12:43.192Z] [worker-~diagnostic~-25cb6e6e-19fa-4904-a649-0071c0071df5]: BUSY {"metadata":{"emulator":{"name":"functions"},"message":"[worker-~diagnostic~-25cb6e6e-19fa-4904-a649-0071c0071df5]: BUSY"}}
[debug] [2020-08-25T23:12:43.672Z] [runtime-status] [3668] Functions runtime initialized. {"cwd":"C:\\Users\\Gabriel\\Desktop\\programação\\projects\\Barber-Midia\\backend\\functions","node_version":"12.17.0"} {"metadata":{"emulator":{"name":"functions"},"message":"[runtime-status] [3668] Functions runtime initialized. {\"cwd\":\"C:\\\\Users\\\\Gabriel\\\\Desktop\\\\programação\\\\projects\\\\Barber-Midia\\\\backend\\\\functions\",\"node_version\":\"12.17.0\"}"}}
[debug] [2020-08-25T23:12:43.676Z] [runtime-status] [3668] Disabled runtime features: undefined {"metadata":{"emulator":{"name":"functions"},"message":"[runtime-status] [3668] Disabled runtime features: undefined"}}
[debug] [2020-08-25T23:12:43.683Z] [runtime-status] [3668] Resolved module firebase-admin {"declared":true,"installed":true,"version":"8.13.0","resolution":"C:\\Users\\Gabriel\\Desktop\\programação\\projects\\Barber-Midia\\backend\\functions\\node_modules\\firebase-admin\\lib\\index.js"} {"metadata":{"emulator":{"name":"functions"},"message":"[runtime-status] [3668] Resolved module firebase-admin {\"declared\":true,\"installed\":true,\"version\":\"8.13.0\",\"resolution\":\"C:\\\\Users\\\\Gabriel\\\\Desktop\\\\programação\\\\projects\\\\Barber-Midia\\\\backend\\\\functions\\\\node_modules\\\\firebase-admin\\\\lib\\\\index.js\"}"}}
[debug] [2020-08-25T23:12:43.685Z] [runtime-status] [3668] Resolved module firebase-functions {"declared":true,"installed":true,"version":"3.8.0","resolution":"C:\\Users\\Gabriel\\Desktop\\programação\\projects\\Barber-Midia\\backend\\functions\\node_modules\\firebase-functions\\lib\\index.js"} {"metadata":{"emulator":{"name":"functions"},"message":"[runtime-status] [3668] Resolved module firebase-functions {\"declared\":true,\"installed\":true,\"version\":\"3.8.0\",\"resolution\":\"C:\\\\Users\\\\Gabriel\\\\Desktop\\\\programação\\\\projects\\\\Barber-Midia\\\\backend\\\\functions\\\\node_modules\\\\firebase-functions\\\\lib\\\\index.js\"}"}}
[debug] [2020-08-25T23:12:43.687Z] [runtime-status] [3668] Outgoing network have been stubbed. [{"name":"http","status":"mocked"},{"name":"http","status":"mocked"},{"name":"https","status":"mocked"},{"name":"https","status":"mocked"},{"name":"net","status":"mocked"}] {"metadata":{"emulator":{"name":"functions"},"message":"[runtime-status] [3668] Outgoing network have been stubbed. [{\"name\":\"http\",\"status\":\"mocked\"},{\"name\":\"http\",\"status\":\"mocked\"},{\"name\":\"https\",\"status\":\"mocked\"},{\"name\":\"https\",\"status\":\"mocked\"},{\"name\":\"net\",\"status\":\"mocked\"}]"}}
[debug] [2020-08-25T23:12:43.688Z] [runtime-status] [3668] Resolved module firebase-functions {"declared":true,"installed":true,"version":"3.8.0","resolution":"C:\\Users\\Gabriel\\Desktop\\programação\\projects\\Barber-Midia\\backend\\functions\\node_modules\\firebase-functions\\lib\\index.js"} {"metadata":{"emulator":{"name":"functions"},"message":"[runtime-status] [3668] Resolved module firebase-functions {\"declared\":true,\"installed\":true,\"version\":\"3.8.0\",\"resolution\":\"C:\\\\Users\\\\Gabriel\\\\Desktop\\\\programação\\\\projects\\\\Barber-Midia\\\\backend\\\\functions\\\\node_modules\\\\firebase-functions\\\\lib\\\\index.js\"}"}}
[debug] [2020-08-25T23:12:43.747Z] [runtime-status] [3668] Checked functions.config() {"config":{}} {"metadata":{"emulator":{"name":"functions"},"message":"[runtime-status] [3668] Checked functions.config() {\"config\":{}}"}}
[debug] [2020-08-25T23:12:43.747Z] [runtime-status] [3668] firebase-functions has been stubbed. {"functionsResolution":{"declared":true,"installed":true,"version":"3.8.0","resolution":"C:\\Users\\Gabriel\\Desktop\\programação\\projects\\Barber-Midia\\backend\\functions\\node_modules\\firebase-functions\\lib\\index.js"}} {"metadata":{"emulator":{"name":"functions"},"message":"[runtime-status] [3668] firebase-functions has been stubbed. {\"functionsResolution\":{\"declared\":true,\"installed\":true,\"version\":\"3.8.0\",\"resolution\":\"C:\\\\Users\\\\Gabriel\\\\Desktop\\\\programação\\\\projects\\\\Barber-Midia\\\\backend\\\\functions\\\\node_modules\\\\firebase-functions\\\\lib\\\\index.js\"}}"}}
[debug] [2020-08-25T23:12:43.748Z] [runtime-status] [3668] Resolved module firebase-functions {"declared":true,"installed":true,"version":"3.8.0","resolution":"C:\\Users\\Gabriel\\Desktop\\programação\\projects\\Barber-Midia\\backend\\functions\\node_modules\\firebase-functions\\lib\\index.js"} {"metadata":{"emulator":{"name":"functions"},"message":"[runtime-status] [3668] Resolved module firebase-functions {\"declared\":true,\"installed\":true,\"version\":\"3.8.0\",\"resolution\":\"C:\\\\Users\\\\Gabriel\\\\Desktop\\\\programação\\\\projects\\\\Barber-Midia\\\\backend\\\\functions\\\\node_modules\\\\firebase-functions\\\\lib\\\\index.js\"}"}}
[debug] [2020-08-25T23:12:43.749Z] [runtime-status] [3668] Resolved module firebase-admin {"declared":true,"installed":true,"version":"8.13.0","resolution":"C:\\Users\\Gabriel\\Desktop\\programação\\projects\\Barber-Midia\\backend\\functions\\node_modules\\firebase-admin\\lib\\index.js"} {"metadata":{"emulator":{"name":"functions"},"message":"[runtime-status] [3668] Resolved module firebase-admin {\"declared\":true,\"installed\":true,\"version\":\"8.13.0\",\"resolution\":\"C:\\\\Users\\\\Gabriel\\\\Desktop\\\\programação\\\\projects\\\\Barber-Midia\\\\backend\\\\functions\\\\node_modules\\\\firebase-admin\\\\lib\\\\index.js\"}"}}
[debug] [2020-08-25T23:12:43.750Z] [runtime-status] [3668] Resolved module firebase-functions {"declared":true,"installed":true,"version":"3.8.0","resolution":"C:\\Users\\Gabriel\\Desktop\\programação\\projects\\Barber-Midia\\backend\\functions\\node_modules\\firebase-functions\\lib\\index.js"} {"metadata":{"emulator":{"name":"functions"},"message":"[runtime-status] [3668] Resolved module firebase-functions {\"declared\":true,\"installed\":true,\"version\":\"3.8.0\",\"resolution\":\"C:\\\\Users\\\\Gabriel\\\\Desktop\\\\programação\\\\projects\\\\Barber-Midia\\\\backend\\\\functions\\\\node_modules\\\\firebase-functions\\\\lib\\\\index.js\"}"}}
[debug] [2020-08-25T23:12:43.750Z] [runtime-status] [3668] firebase-admin has been stubbed. {"adminResolution":{"declared":true,"installed":true,"version":"8.13.0","resolution":"C:\\Users\\Gabriel\\Desktop\\programação\\projects\\Barber-Midia\\backend\\functions\\node_modules\\firebase-admin\\lib\\index.js"}} {"metadata":{"emulator":{"name":"functions"},"message":"[runtime-status] [3668] firebase-admin has been stubbed. {\"adminResolution\":{\"declared\":true,\"installed\":true,\"version\":\"8.13.0\",\"resolution\":\"C:\\\\Users\\\\Gabriel\\\\Desktop\\\\programação\\\\projects\\\\Barber-Midia\\\\backend\\\\functions\\\\node_modules\\\\firebase-admin\\\\lib\\\\index.js\"}}"}}
[debug] [2020-08-25T23:12:43.912Z] [runtime-status] [3668] initializeApp(DEFAULT) {"databaseURL":"https://barber-midia.firebaseio.com","storageBucket":"barber-midia.appspot.com"} {"metadata":{"emulator":{"name":"functions"},"message":"[runtime-status] [3668] initializeApp(DEFAULT) {\"databaseURL\":\"https://barber-midia.firebaseio.com\",\"storageBucket\":\"barber-midia.appspot.com\"}"}}
[warn] !  functions: The Cloud Firestore emulator is not running, so calls to Firestore will affect production. {"metadata":{"emulator":{"name":"functions"},"message":"The Cloud Firestore emulator is not running, so calls to Firestore will affect production."}}
[info] +  functions[api]: http function initialized (http://localhost:5000/barber-midia/us-central1/api). {"metadata":{"emulator":{"name":"functions"},"message":"\u001b[1mhttp\u001b[22m function initialized (http://localhost:5000/barber-midia/us-central1/api)."}}
[info] i  functions[createNotificationOnLike]: function ignored because the firestore emulator does not exist or is not running. {"metadata":{"emulator":{"name":"functions"},"message":"function ignored because the firestore emulator does not exist or is not running."}}
[info] i  functions[deleteNotificationOnUnlike]: function ignored because the firestore emulator does not exist or is not running. {"metadata":{"emulator":{"name":"functions"},"message":"function ignored because the firestore emulator does not exist or is not running."}}
[info] i  functions[createNotificationOnComment]: function ignored because the firestore emulator does not exist or is not running. {"metadata":{"emulator":{"name":"functions"},"message":"function ignored because the firestore emulator does not exist or is not running."}}
[info] i  functions[onUserImageChange]: function ignored because the firestore emulator does not exist or is not running. {"metadata":{"emulator":{"name":"functions"},"message":"function ignored because the firestore emulator does not exist or is not running."}}
[info] i  functions[onPostDelete]: function ignored because the firestore emulator does not exist or is not running. {"metadata":{"emulator":{"name":"functions"},"message":"function ignored because the firestore emulator does not exist or is not running."}}
[debug] [2020-08-25T23:12:44.457Z] [worker-~diagnostic~-25cb6e6e-19fa-4904-a649-0071c0071df5]: IDLE {"metadata":{"emulator":{"name":"functions"},"message":"[worker-~diagnostic~-25cb6e6e-19fa-4904-a649-0071c0071df5]: IDLE"}}
[debug] [2020-08-25T23:13:33.031Z] [work-queue] {"queueLength":1,"workRunningCount":0}
[debug] [2020-08-25T23:13:33.031Z] [work-queue] {"queueLength":0,"workRunningCount":1}
[debug] [2020-08-25T23:13:33.032Z] Accepted request POST /barber-midia/us-central1/api/signup --> api
[debug] [2020-08-25T23:13:33.038Z] [worker-pool] addWorker(api) {"metadata":{"emulator":{"name":"functions"},"message":"[worker-pool] addWorker(api)"}}
[debug] [2020-08-25T23:13:33.039Z] [worker-pool] Adding worker with key api, total=1 {"metadata":{"emulator":{"name":"functions"},"message":"[worker-pool] Adding worker with key api, total=1"}}
[debug] [2020-08-25T23:13:33.039Z] [worker-pool] submitWork(triggerId=api) {"metadata":{"emulator":{"name":"functions"},"message":"[worker-pool] submitWork(triggerId=api)"}}
[debug] [2020-08-25T23:13:33.039Z] [worker-api-7c4fbd9d-8c4e-4f71-bfa1-e0d604d4138a]: Assigning socketPath: \\?\pipe\C:\Users\Gabriel\Desktop\programação\projects\Barber-Midia\backend\functions\3964 {"metadata":{"emulator":{"name":"functions"},"message":"[worker-api-7c4fbd9d-8c4e-4f71-bfa1-e0d604d4138a]: Assigning socketPath: \\\\?\\pipe\\C:\\Users\\Gabriel\\Desktop\\programação\\projects\\Barber-Midia\\backend\\functions\\3964"}}
[debug] [2020-08-25T23:13:33.039Z] [worker-api-7c4fbd9d-8c4e-4f71-bfa1-e0d604d4138a]: BUSY {"metadata":{"emulator":{"name":"functions"},"message":"[worker-api-7c4fbd9d-8c4e-4f71-bfa1-e0d604d4138a]: BUSY"}}
[debug] [2020-08-25T23:13:33.645Z] [runtime-status] [3964] Functions runtime initialized. {"cwd":"C:\\Users\\Gabriel\\Desktop\\programação\\projects\\Barber-Midia\\backend\\functions","node_version":"12.17.0"} {"metadata":{"emulator":{"name":"functions"},"function":{"name":"api"},"message":"[runtime-status] [3964] Functions runtime initialized. {\"cwd\":\"C:\\\\Users\\\\Gabriel\\\\Desktop\\\\programação\\\\projects\\\\Barber-Midia\\\\backend\\\\functions\",\"node_version\":\"12.17.0\"}"}}
[debug] [2020-08-25T23:13:33.650Z] [runtime-status] [3964] Disabled runtime features: undefined {"metadata":{"emulator":{"name":"functions"},"function":{"name":"api"},"message":"[runtime-status] [3964] Disabled runtime features: undefined"}}
[debug] [2020-08-25T23:13:33.659Z] [runtime-status] [3964] Resolved module firebase-admin {"declared":true,"installed":true,"version":"8.13.0","resolution":"C:\\Users\\Gabriel\\Desktop\\programação\\projects\\Barber-Midia\\backend\\functions\\node_modules\\firebase-admin\\lib\\index.js"} {"metadata":{"emulator":{"name":"functions"},"function":{"name":"api"},"message":"[runtime-status] [3964] Resolved module firebase-admin {\"declared\":true,\"installed\":true,\"version\":\"8.13.0\",\"resolution\":\"C:\\\\Users\\\\Gabriel\\\\Desktop\\\\programação\\\\projects\\\\Barber-Midia\\\\backend\\\\functions\\\\node_modules\\\\firebase-admin\\\\lib\\\\index.js\"}"}}
[debug] [2020-08-25T23:13:33.661Z] [runtime-status] [3964] Resolved module firebase-functions {"declared":true,"installed":true,"version":"3.8.0","resolution":"C:\\Users\\Gabriel\\Desktop\\programação\\projects\\Barber-Midia\\backend\\functions\\node_modules\\firebase-functions\\lib\\index.js"} {"metadata":{"emulator":{"name":"functions"},"function":{"name":"api"},"message":"[runtime-status] [3964] Resolved module firebase-functions {\"declared\":true,\"installed\":true,\"version\":\"3.8.0\",\"resolution\":\"C:\\\\Users\\\\Gabriel\\\\Desktop\\\\programação\\\\projects\\\\Barber-Midia\\\\backend\\\\functions\\\\node_modules\\\\firebase-functions\\\\lib\\\\index.js\"}"}}
[debug] [2020-08-25T23:13:33.663Z] [runtime-status] [3964] Outgoing network have been stubbed. [{"name":"http","status":"mocked"},{"name":"http","status":"mocked"},{"name":"https","status":"mocked"},{"name":"https","status":"mocked"},{"name":"net","status":"mocked"}] {"metadata":{"emulator":{"name":"functions"},"function":{"name":"api"},"message":"[runtime-status] [3964] Outgoing network have been stubbed. [{\"name\":\"http\",\"status\":\"mocked\"},{\"name\":\"http\",\"status\":\"mocked\"},{\"name\":\"https\",\"status\":\"mocked\"},{\"name\":\"https\",\"status\":\"mocked\"},{\"name\":\"net\",\"status\":\"mocked\"}]"}}
[debug] [2020-08-25T23:13:33.664Z] [runtime-status] [3964] Resolved module firebase-functions {"declared":true,"installed":true,"version":"3.8.0","resolution":"C:\\Users\\Gabriel\\Desktop\\programação\\projects\\Barber-Midia\\backend\\functions\\node_modules\\firebase-functions\\lib\\index.js"} {"metadata":{"emulator":{"name":"functions"},"function":{"name":"api"},"message":"[runtime-status] [3964] Resolved module firebase-functions {\"declared\":true,\"installed\":true,\"version\":\"3.8.0\",\"resolution\":\"C:\\\\Users\\\\Gabriel\\\\Desktop\\\\programação\\\\projects\\\\Barber-Midia\\\\backend\\\\functions\\\\node_modules\\\\firebase-functions\\\\lib\\\\index.js\"}"}}
[debug] [2020-08-25T23:13:33.723Z] [runtime-status] [3964] Checked functions.config() {"config":{}} {"metadata":{"emulator":{"name":"functions"},"function":{"name":"api"},"message":"[runtime-status] [3964] Checked functions.config() {\"config\":{}}"}}
[debug] [2020-08-25T23:13:33.724Z] [runtime-status] [3964] firebase-functions has been stubbed. {"functionsResolution":{"declared":true,"installed":true,"version":"3.8.0","resolution":"C:\\Users\\Gabriel\\Desktop\\programação\\projects\\Barber-Midia\\backend\\functions\\node_modules\\firebase-functions\\lib\\index.js"}} {"metadata":{"emulator":{"name":"functions"},"function":{"name":"api"},"message":"[runtime-status] [3964] firebase-functions has been stubbed. {\"functionsResolution\":{\"declared\":true,\"installed\":true,\"version\":\"3.8.0\",\"resolution\":\"C:\\\\Users\\\\Gabriel\\\\Desktop\\\\programação\\\\projects\\\\Barber-Midia\\\\backend\\\\functions\\\\node_modules\\\\firebase-functions\\\\lib\\\\index.js\"}}"}}
[debug] [2020-08-25T23:13:33.724Z] [runtime-status] [3964] Resolved module firebase-functions {"declared":true,"installed":true,"version":"3.8.0","resolution":"C:\\Users\\Gabriel\\Desktop\\programação\\projects\\Barber-Midia\\backend\\functions\\node_modules\\firebase-functions\\lib\\index.js"} {"metadata":{"emulator":{"name":"functions"},"function":{"name":"api"},"message":"[runtime-status] [3964] Resolved module firebase-functions {\"declared\":true,\"installed\":true,\"version\":\"3.8.0\",\"resolution\":\"C:\\\\Users\\\\Gabriel\\\\Desktop\\\\programação\\\\projects\\\\Barber-Midia\\\\backend\\\\functions\\\\node_modules\\\\firebase-functions\\\\lib\\\\index.js\"}"}}
[debug] [2020-08-25T23:13:33.726Z] [runtime-status] [3964] Resolved module firebase-admin {"declared":true,"installed":true,"version":"8.13.0","resolution":"C:\\Users\\Gabriel\\Desktop\\programação\\projects\\Barber-Midia\\backend\\functions\\node_modules\\firebase-admin\\lib\\index.js"} {"metadata":{"emulator":{"name":"functions"},"function":{"name":"api"},"message":"[runtime-status] [3964] Resolved module firebase-admin {\"declared\":true,\"installed\":true,\"version\":\"8.13.0\",\"resolution\":\"C:\\\\Users\\\\Gabriel\\\\Desktop\\\\programação\\\\projects\\\\Barber-Midia\\\\backend\\\\functions\\\\node_modules\\\\firebase-admin\\\\lib\\\\index.js\"}"}}
[debug] [2020-08-25T23:13:33.727Z] [runtime-status] [3964] Resolved module firebase-functions {"declared":true,"installed":true,"version":"3.8.0","resolution":"C:\\Users\\Gabriel\\Desktop\\programação\\projects\\Barber-Midia\\backend\\functions\\node_modules\\firebase-functions\\lib\\index.js"} {"metadata":{"emulator":{"name":"functions"},"function":{"name":"api"},"message":"[runtime-status] [3964] Resolved module firebase-functions {\"declared\":true,\"installed\":true,\"version\":\"3.8.0\",\"resolution\":\"C:\\\\Users\\\\Gabriel\\\\Desktop\\\\programação\\\\projects\\\\Barber-Midia\\\\backend\\\\functions\\\\node_modules\\\\firebase-functions\\\\lib\\\\index.js\"}"}}
[debug] [2020-08-25T23:13:33.727Z] [runtime-status] [3964] firebase-admin has been stubbed. {"adminResolution":{"declared":true,"installed":true,"version":"8.13.0","resolution":"C:\\Users\\Gabriel\\Desktop\\programação\\projects\\Barber-Midia\\backend\\functions\\node_modules\\firebase-admin\\lib\\index.js"}} {"metadata":{"emulator":{"name":"functions"},"function":{"name":"api"},"message":"[runtime-status] [3964] firebase-admin has been stubbed. {\"adminResolution\":{\"declared\":true,\"installed\":true,\"version\":\"8.13.0\",\"resolution\":\"C:\\\\Users\\\\Gabriel\\\\Desktop\\\\programação\\\\projects\\\\Barber-Midia\\\\backend\\\\functions\\\\node_modules\\\\firebase-admin\\\\lib\\\\index.js\"}}"}}
[debug] [2020-08-25T23:13:33.907Z] [runtime-status] [3964] initializeApp(DEFAULT) {"databaseURL":"https://barber-midia.firebaseio.com","storageBucket":"barber-midia.appspot.com"} {"metadata":{"emulator":{"name":"functions"},"function":{"name":"api"},"message":"[runtime-status] [3964] initializeApp(DEFAULT) {\"databaseURL\":\"https://barber-midia.firebaseio.com\",\"storageBucket\":\"barber-midia.appspot.com\"}"}}
[warn] !  functions: The Cloud Firestore emulator is not running, so calls to Firestore will affect production. {"metadata":{"emulator":{"name":"functions"},"function":{"name":"api"},"message":"The Cloud Firestore emulator is not running, so calls to Firestore will affect production."}}
[debug] [2020-08-25T23:13:34.562Z] [runtime-status] [3964] Trigger "api" has been found, beginning invocation! {"metadata":{"emulator":{"name":"functions"},"function":{"name":"api"},"message":"[runtime-status] [3964] Trigger \"api\" has been found, beginning invocation!"}}
[info] i  functions: Beginning execution of "api" {"metadata":{"emulator":{"name":"functions"},"function":{"name":"api"},"message":"Beginning execution of \"api\""}}
[debug] [2020-08-25T23:13:34.562Z] [runtime-status] [3964] triggerDefinition {"httpsTrigger":{},"name":"api","entryPoint":"api"} {"metadata":{"emulator":{"name":"functions"},"function":{"name":"api"},"message":"[runtime-status] [3964] triggerDefinition {\"httpsTrigger\":{},\"name\":\"api\",\"entryPoint\":\"api\"}"}}
[debug] [2020-08-25T23:13:34.563Z] [runtime-status] [3964] Running api in mode HTTPS {"metadata":{"emulator":{"name":"functions"},"function":{"name":"api"},"message":"[runtime-status] [3964] Running api in mode HTTPS"}}
[debug] [2020-08-25T23:13:34.567Z] [runtime-status] [3964] Attempting to listen to socketPath: \\?\pipe\C:\Users\Gabriel\Desktop\programação\projects\Barber-Midia\backend\functions\3964 {"metadata":{"emulator":{"name":"functions"},"function":{"name":"api"},"message":"[runtime-status] [3964] Attempting to listen to socketPath: \\\\?\\pipe\\C:\\Users\\Gabriel\\Desktop\\programação\\projects\\Barber-Midia\\backend\\functions\\3964"}}
[debug] [2020-08-25T23:13:34.571Z] [functions] Runtime ready! Sending request! {"metadata":{"emulator":{"name":"functions"},"message":"[functions] Runtime ready! Sending request!"}}
[debug] [2020-08-25T23:13:34.594Z] [runtime-status] [3964] Ephemeral server handling POST request {"metadata":{"emulator":{"name":"functions"},"function":{"name":"api"},"message":"[runtime-status] [3964] Ephemeral server handling POST request"}}
[debug] [2020-08-25T23:13:34.599Z] [runtime-status] [3964] Ephemeral server survived. {"metadata":{"emulator":{"name":"functions"},"function":{"name":"api"},"message":"[runtime-status] [3964] Ephemeral server survived."}}
[warn] !  Google API requested!
   - URL: "https://oauth2.googleapis.com/token"
   - Be careful, this may be a production service. {"metadata":{"emulator":{"name":"functions"},"function":{"name":"api"},"message":"Google API requested!\n   - URL: \"https://oauth2.googleapis.com/token\"\n   - Be careful, this may be a production service."}}
[info] i  functions: Finished "api" in ~1s {"metadata":{"emulator":{"name":"functions"},"function":{"name":"api"},"message":"Finished \"api\" in ~1s"}}
[debug] [2020-08-25T23:13:35.603Z] [worker-api-7c4fbd9d-8c4e-4f71-bfa1-e0d604d4138a]: IDLE {"metadata":{"emulator":{"name":"functions"},"message":"[worker-api-7c4fbd9d-8c4e-4f71-bfa1-e0d604d4138a]: IDLE"}}
[debug] [2020-08-25T23:13:35.604Z] [work-queue] {"queueLength":0,"workRunningCount":0}
[debug] [2020-08-25T23:13:39.384Z] [work-queue] {"queueLength":1,"workRunningCount":0}
[debug] [2020-08-25T23:13:39.384Z] [work-queue] {"queueLength":0,"workRunningCount":1}
[debug] [2020-08-25T23:13:39.384Z] Accepted request POST /barber-midia/us-central1/api/signup --> api
[debug] [2020-08-25T23:13:39.384Z] [worker-pool] submitWork(triggerId=api) {"metadata":{"emulator":{"name":"functions"},"message":"[worker-pool] submitWork(triggerId=api)"}}
[debug] [2020-08-25T23:13:39.384Z] [worker-api-7c4fbd9d-8c4e-4f71-bfa1-e0d604d4138a]: Assigning socketPath: \\?\pipe\C:\Users\Gabriel\Desktop\programação\projects\Barber-Midia\backend\functions\3964 {"metadata":{"emulator":{"name":"functions"},"message":"[worker-api-7c4fbd9d-8c4e-4f71-bfa1-e0d604d4138a]: Assigning socketPath: \\\\?\\pipe\\C:\\Users\\Gabriel\\Desktop\\programação\\projects\\Barber-Midia\\backend\\functions\\3964"}}
[debug] [2020-08-25T23:13:39.384Z] [worker-api-7c4fbd9d-8c4e-4f71-bfa1-e0d604d4138a]: BUSY {"metadata":{"emulator":{"name":"functions"},"message":"[worker-api-7c4fbd9d-8c4e-4f71-bfa1-e0d604d4138a]: BUSY"}}
[debug] [2020-08-25T23:13:39.385Z] [runtime-status] [3964] Trigger "api" has been found, beginning invocation! {"metadata":{"emulator":{"name":"functions"},"function":{"name":"api"},"message":"[runtime-status] [3964] Trigger \"api\" has been found, beginning invocation!"}}
[info] i  functions: Beginning execution of "api" {"metadata":{"emulator":{"name":"functions"},"function":{"name":"api"},"message":"Beginning execution of \"api\""}}
[debug] [2020-08-25T23:13:39.386Z] [runtime-status] [3964] triggerDefinition {"httpsTrigger":{},"name":"api","entryPoint":"api"} {"metadata":{"emulator":{"name":"functions"},"function":{"name":"api"},"message":"[runtime-status] [3964] triggerDefinition {\"httpsTrigger\":{},\"name\":\"api\",\"entryPoint\":\"api\"}"}}
[debug] [2020-08-25T23:13:39.386Z] [runtime-status] [3964] Running api in mode HTTPS {"metadata":{"emulator":{"name":"functions"},"function":{"name":"api"},"message":"[runtime-status] [3964] Running api in mode HTTPS"}}
[debug] [2020-08-25T23:13:39.386Z] [runtime-status] [3964] Attempting to listen to socketPath: \\?\pipe\C:\Users\Gabriel\Desktop\programação\projects\Barber-Midia\backend\functions\3964 {"metadata":{"emulator":{"name":"functions"},"function":{"name":"api"},"message":"[runtime-status] [3964] Attempting to listen to socketPath: \\\\?\\pipe\\C:\\Users\\Gabriel\\Desktop\\programação\\projects\\Barber-Midia\\backend\\functions\\3964"}}
[debug] [2020-08-25T23:13:39.388Z] [functions] Runtime ready! Sending request! {"metadata":{"emulator":{"name":"functions"},"message":"[functions] Runtime ready! Sending request!"}}
[debug] [2020-08-25T23:13:39.392Z] [runtime-status] [3964] Ephemeral server handling POST request {"metadata":{"emulator":{"name":"functions"},"function":{"name":"api"},"message":"[runtime-status] [3964] Ephemeral server handling POST request"}}
[debug] [2020-08-25T23:13:39.393Z] [runtime-status] [3964] Ephemeral server survived. {"metadata":{"emulator":{"name":"functions"},"function":{"name":"api"},"message":"[runtime-status] [3964] Ephemeral server survived."}}
[info] i  functions: Finished "api" in ~1s {"metadata":{"emulator":{"name":"functions"},"function":{"name":"api"},"message":"Finished \"api\" in ~1s"}}
[debug] [2020-08-25T23:13:40.155Z] [worker-api-7c4fbd9d-8c4e-4f71-bfa1-e0d604d4138a]: IDLE {"metadata":{"emulator":{"name":"functions"},"message":"[worker-api-7c4fbd9d-8c4e-4f71-bfa1-e0d604d4138a]: IDLE"}}
[debug] [2020-08-25T23:13:40.155Z] [work-queue] {"queueLength":0,"workRunningCount":0}
[info] >  erro ao enviar emailError: Invalid login: 535-5.7.8 Username and Password not accepted. Learn more at {"user":"erro ao enviar emailError: Invalid login: 535-5.7.8 Username and Password not accepted. Learn more at","metadata":{"emulator":{"name":"functions"},"function":{"name":"api"},"message":"\u001b[90m> \u001b[39m erro ao enviar emailError: Invalid login: 535-5.7.8 Username and Password not accepted. Learn more at"}}
[info] >  535 5.7.8  https://support.google.com/mail/?p=BadCredentials f31sm503873qte.35 - gsmtp {"user":"535 5.7.8  https://support.google.com/mail/?p=BadCredentials f31sm503873qte.35 - gsmtp","metadata":{"emulator":{"name":"functions"},"function":{"name":"api"},"message":"\u001b[90m> \u001b[39m 535 5.7.8  https://support.google.com/mail/?p=BadCredentials f31sm503873qte.35 - gsmtp"}}
[debug] [2020-08-25T23:28:14.513Z] [worker-api-7c4fbd9d-8c4e-4f71-bfa1-e0d604d4138a]: exited {"metadata":{"emulator":{"name":"functions"},"message":"[worker-api-7c4fbd9d-8c4e-4f71-bfa1-e0d604d4138a]: exited"}}
[debug] [2020-08-25T23:28:14.513Z] [worker-api-7c4fbd9d-8c4e-4f71-bfa1-e0d604d4138a]: FINISHED {"metadata":{"emulator":{"name":"functions"},"message":"[worker-api-7c4fbd9d-8c4e-4f71-bfa1-e0d604d4138a]: FINISHED"}}
